{
  "RSpec": {
    "coverage": {
      "/home/ubuntu/workspace/prct10/lib/Bibliography.rb": [
        1,
        1,
        1,
        1,
        1,
        1,
        1,
        1,
        1
      ],
      "/home/ubuntu/workspace/prct10/lib/Bibliography/bib.rb": [
        null,
        1,
        1,
        1,
        1,
        28,
        28,
        28,
        28,
        35,
        null,
        28,
        28,
        28,
        28,
        28,
        28,
        28,
        28,
        28,
        null,
        28,
        28,
        28,
        28,
        28,
        28,
        28,
        0,
        0,
        0,
        0,
        0,
        null,
        0,
        0,
        0,
        0,
        0,
        0,
        0,
        0,
        null,
        0,
        0,
        0,
        0,
        0,
        0,
        0,
        null,
        0,
        null,
        null,
        null,
        1,
        0,
        0,
        0,
        0,
        0,
        null,
        0,
        0,
        0,
        null,
        0,
        null,
        0,
        0,
        0,
        0,
        0,
        0,
        null,
        0,
        0,
        null,
        0,
        0,
        0,
        0,
        0,
        0,
        0,
        0,
        0,
        0,
        0,
        null,
        0,
        null,
        null,
        1,
        1,
        0,
        0,
        null,
        0,
        null,
        null,
        null
      ],
      "/home/ubuntu/workspace/prct10/lib/Bibliography/Node.rb": [
        null,
        1,
        null,
        1,
        1,
        0,
        0,
        null,
        null
      ],
      "/home/ubuntu/workspace/prct10/lib/Bibliography/Lista.rb": [
        1,
        1,
        1,
        null,
        1,
        0,
        0,
        null,
        null,
        0,
        0,
        0,
        0,
        0,
        0,
        0,
        0,
        0,
        null,
        0,
        null,
        0,
        0,
        0,
        null,
        0,
        null,
        null,
        null,
        null,
        null,
        1,
        0,
        null,
        0,
        0,
        0,
        null,
        null,
        1,
        1,
        null,
        1,
        1,
        1,
        null,
        null,
        1,
        0,
        0,
        0,
        0,
        null,
        null,
        1,
        0,
        0,
        0,
        0,
        null,
        null,
        1,
        0,
        0,
        0,
        null,
        0,
        0,
        0,
        0,
        0,
        0,
        null,
        null,
        null,
        null,
        1,
        0,
        0,
        0,
        null,
        0,
        0,
        0,
        0,
        0,
        0,
        null,
        null,
        1,
        0,
        0,
        0,
        0,
        0,
        0,
        null,
        0,
        null,
        null,
        1,
        0,
        0,
        0,
        0,
        0,
        0,
        null,
        0,
        null,
        null,
        1,
        0,
        0,
        0,
        null,
        0,
        null,
        null,
        1,
        0,
        0,
        0,
        null,
        0,
        null,
        null,
        1,
        0,
        0,
        0,
        0,
        null,
        null,
        null,
        1,
        0,
        0,
        0,
        null,
        null
      ],
      "/home/ubuntu/workspace/prct10/lib/Bibliography/Libro.rb": [
        1,
        null,
        null
      ],
      "/home/ubuntu/workspace/prct10/lib/Bibliography/ArtPer.rb": [
        null,
        1,
        null,
        1,
        1,
        7,
        7,
        7,
        7,
        7,
        7,
        7,
        7,
        null,
        null,
        1,
        0,
        null,
        0,
        0,
        0,
        null,
        0,
        0,
        0,
        0,
        0,
        0,
        0,
        0,
        0,
        0,
        0,
        0,
        null,
        null
      ],
      "/home/ubuntu/workspace/prct10/lib/Bibliography/ArtRev.rb": [
        1,
        null,
        1,
        null,
        null,
        null,
        1,
        7,
        7,
        7,
        7,
        7,
        7,
        7,
        null,
        null,
        1,
        0,
        null,
        null,
        0,
        0,
        0,
        null,
        0,
        0,
        0,
        0,
        0,
        0,
        0,
        0,
        0,
        0,
        0,
        null,
        null
      ],
      "/home/ubuntu/workspace/prct10/lib/Bibliography/Epub.rb": [
        1,
        1,
        1,
        7,
        7,
        7,
        7,
        7,
        7,
        7,
        7,
        null,
        null,
        1,
        0,
        0,
        0,
        0,
        null,
        0,
        0,
        0,
        0,
        0,
        0,
        0,
        0,
        0,
        0,
        0,
        0,
        0,
        null,
        null,
        null,
        null,
        null,
        null
      ],
      "/home/ubuntu/workspace/prct10/lib/Bibliography/Apa.rb": [
        1,
        1,
        42,
        49,
        null,
        42,
        49,
        49,
        56,
        56,
        56,
        56,
        null,
        49,
        null,
        42,
        49,
        null,
        null,
        42,
        42,
        42,
        42,
        42,
        0,
        0,
        0,
        0,
        null,
        0,
        null,
        42,
        7,
        7,
        null,
        35,
        null,
        null,
        null,
        null,
        null,
        1,
        null,
        null,
        1,
        5,
        2,
        2,
        null,
        3,
        null,
        null,
        2,
        null,
        null,
        2,
        2,
        null,
        2,
        null,
        5,
        1,
        1,
        1,
        null,
        null,
        1,
        1,
        1,
        1,
        null,
        null,
        null,
        null,
        null,
        null,
        5,
        1,
        1,
        null,
        1,
        null,
        null,
        1,
        1,
        null,
        null,
        5,
        1,
        1,
        null,
        1,
        null,
        null,
        1,
        1,
        null,
        null,
        null,
        5,
        5,
        5,
        5,
        2,
        null,
        1,
        null,
        1,
        null,
        1,
        null,
        5,
        null,
        null,
        5,
        null,
        null
      ]
    },
    "timestamp": 1449800890
  }
}
