{
  "RSpec": {
    "coverage": {
      "/home/ubuntu/workspace/prct10/lib/Bibliography.rb": [
        1,
        1,
        1,
        1,
        1,
        1,
        1,
        1,
        1
      ],
      "/home/ubuntu/workspace/prct10/lib/Bibliography/bib.rb": [
        null,
        1,
        1,
        1,
        1,
        144,
        144,
        144,
        144,
        168,
        null,
        144,
        144,
        144,
        144,
        144,
        144,
        144,
        144,
        144,
        null,
        144,
        144,
        144,
        144,
        144,
        144,
        144,
        0,
        0,
        0,
        0,
        0,
        null,
        0,
        0,
        0,
        0,
        0,
        0,
        0,
        0,
        null,
        0,
        0,
        0,
        0,
        0,
        0,
        0,
        null,
        0,
        null,
        null,
        null,
        1,
        0,
        0,
        0,
        0,
        0,
        null,
        0,
        0,
        0,
        null,
        0,
        null,
        0,
        0,
        0,
        0,
        0,
        0,
        null,
        0,
        0,
        null,
        0,
        0,
        0,
        0,
        0,
        0,
        0,
        0,
        0,
        0,
        0,
        null,
        0,
        null,
        null,
        1,
        182,
        182,
        110,
        null,
        72,
        null,
        null,
        null
      ],
      "/home/ubuntu/workspace/prct10/lib/Bibliography/Node.rb": [
        null,
        1,
        null,
        1,
        1,
        0,
        0,
        null,
        null
      ],
      "/home/ubuntu/workspace/prct10/lib/Bibliography/Lista.rb": [
        1,
        1,
        1,
        null,
        1,
        0,
        0,
        null,
        null,
        0,
        0,
        0,
        0,
        0,
        0,
        0,
        0,
        0,
        null,
        0,
        null,
        0,
        0,
        0,
        null,
        0,
        null,
        null,
        null,
        null,
        null,
        1,
        1,
        null,
        1,
        1,
        1,
        null,
        null,
        1,
        1,
        null,
        1,
        1,
        1,
        null,
        null,
        1,
        0,
        0,
        0,
        0,
        null,
        null,
        1,
        0,
        0,
        0,
        0,
        null,
        null,
        1,
        0,
        0,
        0,
        null,
        0,
        0,
        0,
        0,
        0,
        0,
        null,
        null,
        null,
        null,
        1,
        0,
        0,
        0,
        null,
        0,
        0,
        0,
        0,
        0,
        0,
        null,
        null,
        1,
        0,
        0,
        0,
        0,
        0,
        0,
        null,
        0,
        null,
        null,
        1,
        0,
        0,
        0,
        0,
        0,
        0,
        null,
        0,
        null,
        null,
        1,
        0,
        0,
        0,
        null,
        0,
        null,
        null,
        1,
        0,
        0,
        0,
        null,
        0,
        null,
        null,
        1,
        0,
        0,
        0,
        0,
        null,
        null,
        null,
        1,
        0,
        0,
        0,
        null,
        null
      ],
      "/home/ubuntu/workspace/prct10/lib/Bibliography/Libro.rb": [
        1,
        null,
        null
      ],
      "/home/ubuntu/workspace/prct10/lib/Bibliography/ArtPer.rb": [
        null,
        1,
        null,
        1,
        1,
        12,
        12,
        12,
        12,
        12,
        12,
        12,
        12,
        null,
        null,
        1,
        0,
        null,
        0,
        0,
        0,
        null,
        0,
        0,
        0,
        0,
        0,
        0,
        0,
        0,
        0,
        0,
        0,
        0,
        null,
        null
      ],
      "/home/ubuntu/workspace/prct10/lib/Bibliography/ArtRev.rb": [
        1,
        null,
        1,
        null,
        null,
        null,
        1,
        12,
        12,
        12,
        12,
        12,
        12,
        12,
        null,
        null,
        1,
        0,
        null,
        null,
        0,
        0,
        0,
        null,
        0,
        0,
        0,
        0,
        0,
        0,
        0,
        0,
        0,
        0,
        0,
        null,
        null
      ],
      "/home/ubuntu/workspace/prct10/lib/Bibliography/Epub.rb": [
        1,
        1,
        1,
        12,
        12,
        12,
        12,
        12,
        12,
        12,
        12,
        null,
        null,
        1,
        0,
        0,
        0,
        0,
        null,
        0,
        0,
        0,
        0,
        0,
        0,
        0,
        0,
        0,
        0,
        0,
        0,
        0,
        null,
        null,
        null,
        null,
        null,
        null
      ],
      "/home/ubuntu/workspace/prct10/lib/Bibliography/Apa.rb": [
        1,
        1,
        120,
        180,
        null,
        120,
        180,
        180,
        204,
        204,
        204,
        204,
        null,
        180,
        null,
        null,
        120,
        180,
        180,
        456,
        null,
        180,
        180,
        null,
        120,
        180,
        300,
        192,
        12,
        12,
        12,
        12,
        12,
        12,
        180,
        0,
        0,
        0,
        0,
        0,
        0,
        null,
        null,
        null,
        null,
        120,
        null,
        120,
        180,
        null,
        null,
        120,
        120,
        120,
        120,
        120,
        0,
        0,
        0,
        0,
        null,
        0,
        null,
        120,
        60,
        60,
        null,
        60,
        null,
        null,
        null,
        null,
        null,
        1,
        null,
        null,
        1,
        13,
        18,
        18,
        null,
        21,
        null,
        null,
        18,
        null,
        null,
        18,
        18,
        null,
        18,
        null,
        13,
        1,
        1,
        1,
        null,
        null,
        1,
        1,
        1,
        1,
        null,
        null,
        null,
        null,
        null,
        null,
        13,
        1,
        1,
        null,
        1,
        null,
        null,
        1,
        1,
        null,
        null,
        13,
        1,
        1,
        null,
        1,
        null,
        null,
        1,
        1,
        null,
        null,
        null,
        13,
        13,
        13,
        21,
        18,
        18,
        null,
        1,
        1,
        null,
        1,
        1,
        null,
        1,
        1,
        null,
        21,
        null,
        null,
        13,
        null,
        null
      ]
    },
    "timestamp": 1449838239
  }
}
